<?xml version="1.0" encoding="UTF-8"?>
<testsuite xmlns:xsi="http://www.w3.org/2001/XMLSchema-instance" xsi:noNamespaceSchemaLocation="https://maven.apache.org/surefire/maven-surefire-plugin/xsd/surefire-test-report.xsd" name="com.test.ESTest" time="9.26" tests="7" errors="3" skipped="0" failures="0">
  <properties>
[...]
</properties>
  <testcase name="getIndexStu" classname="com.test.ESTest" time="0.205">
    <error type="java.lang.NullPointerException">java.lang.NullPointerException
	at com.test.ESTest.getIndexStu(ESTest.java:100)
</error>
    <system-out><![CDATA[
  .   ____          _            __ _ _
 /\\ / ___'_ __ _ _(_)_ __  __ _ \ \ \ \
( ( )\___ | '_ | '_| | '_ \/ _` | \ \ \ \
 \\/  ___)| |_)| | | | | || (_| |  ) ) ) )
  '  |____| .__|_| |_|_| |_\__, | / / / /
 =========|_|==============|___/=/_/_/_/
 :: Spring Boot ::        (v2.1.5.RELEASE)

2020-11-06 00:41:10.578  INFO 15324 --- [           main] c.t.ESTest                               : Starting ESTest on TAOPC with PID 15324 (started by tao in C:\Users\tao\Documents\Workspaces\foodie-dev\foodie-dev-search)
2020-11-06 00:41:10.583  INFO 15324 --- [           main] c.t.ESTest                               : No active profile set, falling back to default profiles: default
2020-11-06 00:41:11.250  WARN 15324 --- [           main] t.m.s.m.ClassPathMapperScanner           : No MyBatis mapper was found in '[com.imooc]' package. Please check your configuration.
2020-11-06 00:41:11.777  INFO 15324 --- [           main] trationDelegate$BeanPostProcessorChecker : Bean 'org.springframework.transaction.annotation.ProxyTransactionManagementConfiguration' of type [org.springframework.transaction.annotation.ProxyTransactionManagementConfiguration$$EnhancerBySpringCGLIB$$95771bd4] is not eligible for getting processed by all BeanPostProcessors (for example: not eligible for auto-proxying)
2020-11-06 00:41:12.215  INFO 15324 --- [           main] o.e.p.PluginsService                     : no modules loaded
2020-11-06 00:41:12.216  INFO 15324 --- [           main] o.e.p.PluginsService                     : loaded plugin [org.elasticsearch.index.reindex.ReindexPlugin]
2020-11-06 00:41:12.216  INFO 15324 --- [           main] o.e.p.PluginsService                     : loaded plugin [org.elasticsearch.join.ParentJoinPlugin]
2020-11-06 00:41:12.216  INFO 15324 --- [           main] o.e.p.PluginsService                     : loaded plugin [org.elasticsearch.percolator.PercolatorPlugin]
2020-11-06 00:41:12.216  INFO 15324 --- [           main] o.e.p.PluginsService                     : loaded plugin [org.elasticsearch.script.mustache.MustachePlugin]
2020-11-06 00:41:12.216  INFO 15324 --- [           main] o.e.p.PluginsService                     : loaded plugin [org.elasticsearch.transport.Netty4Plugin]
2020-11-06 00:41:15.325  INFO 15324 --- [           main] o.s.s.c.ThreadPoolTaskExecutor           : Initializing ExecutorService 'applicationTaskExecutor'
2020-11-06 00:41:16.666  INFO 15324 --- [           main] i.l.c.EpollProvider                      : Starting without optional epoll library
2020-11-06 00:41:16.668  INFO 15324 --- [           main] i.l.c.KqueueProvider                     : Starting without optional kqueue library
2020-11-06 00:41:17.432  INFO 15324 --- [           main] s.a.ScheduledAnnotationBeanPostProcessor : No TaskScheduler/ScheduledExecutorService bean found for scheduled processing
2020-11-06 00:41:17.441  INFO 15324 --- [           main] c.t.ESTest                               : Started ESTest in 7.197 seconds (JVM running for 8.944)
]]></system-out>
    <system-err><![CDATA[log4j:WARN No appenders could be found for logger (tk.mybatis.mapper.autoconfigure.MapperAutoConfiguration).
log4j:WARN Please initialize the log4j system properly.
log4j:WARN See http://logging.apache.org/log4j/1.2/faq.html#noconfig for more info.
]]></system-err>
  </testcase>
  <testcase name="deleteIndexDoc" classname="com.test.ESTest" time="0.015"/>
  <testcase name="deleteIndexStu" classname="com.test.ESTest" time="0.113"/>
  <testcase name="highlightStuDoc" classname="com.test.ESTest" time="0.085">
    <error message="no such index" type="org.elasticsearch.index.IndexNotFoundException">org.elasticsearch.index.IndexNotFoundException: no such index
</error>
  </testcase>
  <testcase name="updateStuDoc" classname="com.test.ESTest" time="0.978">
    <error message="[_doc][1001]: document missing" type="org.elasticsearch.index.engine.DocumentMissingException">org.elasticsearch.index.engine.DocumentMissingException: [_doc][1001]: document missing
</error>
  </testcase>
  <testcase name="searchStuDoc" classname="com.test.ESTest" time="0.011"/>
  <testcase name="createIndexStu" classname="com.test.ESTest" time="0.093"/>
</testsuite>